<?xml version="1.0" encoding="UTF-8"?>
<testng-results ignored="0" total="2" passed="2" failed="0" skipped="0">
  <reporter-output>
  </reporter-output>
  <suite started-at="2021-07-06T13:00:52 IST" name="Suite" finished-at="2021-07-06T13:01:03 IST" duration-ms="11490">
    <groups>
    </groups>
    <test started-at="2021-07-06T13:00:52 IST" name="Test" finished-at="2021-07-06T13:01:03 IST" duration-ms="11490">
      <class name="TestCases.GoogleTestIT">
        <test-method signature="i_have_the_Chrome()[pri:0, instance:TestCases.GoogleTestIT@2892dae4]" started-at="2021-07-06T13:00:52 IST" name="i_have_the_Chrome" finished-at="2021-07-06T13:00:57 IST" duration-ms="4858" status="PASS">
          <reporter-output>
          </reporter-output>
        </test-method> <!-- i_have_the_Chrome -->
      </class> <!-- TestCases.GoogleTestIT -->
      <class name="TestCases.GoogleTestIT2">
        <test-method signature="i_have_the_Chrome()[pri:0, instance:TestCases.GoogleTestIT2@65f095f8]" started-at="2021-07-06T13:00:57 IST" name="i_have_the_Chrome" finished-at="2021-07-06T13:01:03 IST" duration-ms="6594" status="PASS">
          <reporter-output>
          </reporter-output>
        </test-method> <!-- i_have_the_Chrome -->
      </class> <!-- TestCases.GoogleTestIT2 -->
    </test> <!-- Test -->
  </suite> <!-- Suite -->
</testng-results>
